[debug] [2018-09-24T13:50:45.405Z] ----------------------------------------------------------------------
[debug] [2018-09-24T13:50:45.407Z] Command:       C:\Program Files\nodejs\node.exe C:\Users\Bulle\AppData\Roaming\npm\node_modules\firebase-tools\bin\firebase serve
[debug] [2018-09-24T13:50:45.407Z] CLI Version:   4.2.1
[debug] [2018-09-24T13:50:45.407Z] Platform:      win32
[debug] [2018-09-24T13:50:45.407Z] Node Version:  v8.1.4
[debug] [2018-09-24T13:50:45.408Z] Time:          Mon Sep 24 2018 16:50:45 GMT+0300 (Suomen kesäaika)
[debug] [2018-09-24T13:50:45.408Z] ----------------------------------------------------------------------
[debug] 
[debug] [2018-09-24T13:50:45.417Z] > command requires scopes: ["email","openid","https://www.googleapis.com/auth/cloudplatformprojects.readonly","https://www.googleapis.com/auth/firebase","https://www.googleapis.com/auth/cloud-platform"]
[debug] [2018-09-24T13:50:45.418Z] > authorizing via signed-in user
[debug] [2018-09-24T13:50:45.421Z] >>> HTTP REQUEST GET https://admin.firebase.com/v1/projects/jobba-app  
 
[debug] [2018-09-24T13:50:46.216Z] <<< HTTP RESPONSE 200
[debug] [2018-09-24T13:50:46.217Z] >>> HTTP REQUEST GET https://cloudresourcemanager.googleapis.com/v1/projects/jobba-app  
 
[debug] [2018-09-24T13:50:47.249Z] <<< HTTP RESPONSE 200
[info] 
[info] === Serving from 'C:\Users\Bulle\Desktop\Jobba'...
[info] 
[info] i  functions: Preparing to emulate functions.
[debug] [2018-09-24T13:50:48.437Z] Fetching environment
[debug] [2018-09-24T13:50:48.443Z] >>> HTTP REQUEST GET https://mobilesdk-pa.googleapis.com/v1/projects/406632979273:getServerAppConfig  
 
[debug] [2018-09-24T13:50:48.443Z] >>> HTTP REQUEST GET https://mobilesdk-pa.googleapis.com/v1/projects/406632979273/clients/_:getWebAppConfig  
 
[debug] [2018-09-24T13:50:48.691Z] <<< HTTP RESPONSE 200
[debug] [2018-09-24T13:50:48.691Z] Starting @google-cloud/functions-emulator
[debug] [2018-09-24T13:50:48.755Z] <<< HTTP RESPONSE 200
[info] i  hosting[jobba-app]: Serving hosting files from: public
[info] +  hosting[jobba-app]: Local server: http://localhost:5000
[debug] [2018-09-24T13:50:52.247Z] Parsing function triggers
[info] i  functions: No HTTPS functions found. Use firebase functions:shell if you would like to emulate other types of functions.
